# project  configured on Fri Feb 27 23:23:31 2015 by
# waf 1.7.11 (abi 98, python 20706f0 on darwin)
# using /Users/kirby/pebble-dev-testing/PebbleSDK-3.0-dp1-rc5/Pebble/waf configure build
#
----------------------------------------
Setting top to
/Users/kirby/Downloads/pbl_ks
----------------------------------------
Setting out to
/Users/kirby/Downloads/pbl_ks/build
----------------------------------------
Found Pebble SDK for basalt in:
/Users/kirby/pebble-dev-testing/PebbleSDK-3.0-dp1-rc5/Pebble/basalt
----------------------------------------
Checking for program gcc,cc
arm-none-eabi-gcc
find program=['gcc', 'cc'] paths='' var='CC' -> 'arm-none-eabi-gcc'
----------------------------------------
Checking for program ar
arm-none-eabi-ar
find program=['ar'] paths='' var='AR' -> 'arm-none-eabi-ar'
